<?xml version="1.0" encoding="UTF-8"?>
<testsuite xmlns:xsi="http://www.w3.org/2001/XMLSchema-instance" xsi:noNamespaceSchemaLocation="https://maven.apache.org/surefire/maven-surefire-plugin/xsd/surefire-test-report-3.0.xsd" version="3.0" name="CalculetteTest" time="0.11" tests="6" errors="0" skipped="0" failures="0">
  <properties>
[...]
</properties>
  <testcase name="testSoustraction" classname="CalculetteTest" time="0.005"/>
  <testcase name="testCalculNPI" classname="CalculetteTest" time="0.0"/>
  <testcase name="testMultiplication" classname="CalculetteTest" time="0.001"/>
  <testcase name="testAddition" classname="CalculetteTest" time="0.001"/>
  <testcase name="testDivisionParZero" classname="CalculetteTest" time="0.001"/>
  <testcase name="testDivision" classname="CalculetteTest" time="0.001"/>
</testsuite>